\BOOKMARK [0][-]{chapter*.3}{Sommario}{}% 1
\BOOKMARK [0][-]{chapter*.4}{Introduzione}{}% 2
\BOOKMARK [0][-]{chapter.1}{Lo scenario applicativo}{}% 3
\BOOKMARK [1][-]{section.1.1}{La vulnerabilit\340}{chapter.1}% 4
\BOOKMARK [1][-]{section.1.2}{Le fasi di emergency management}{chapter.1}% 5
\BOOKMARK [1][-]{section.1.3}{I luoghi comuni sui disastri}{chapter.1}% 6
\BOOKMARK [1][-]{section.1.4}{Il contesto d'uso}{chapter.1}% 7
\BOOKMARK [0][-]{chapter.2}{OpenStreetMap}{}% 8
\BOOKMARK [1][-]{section.2.1}{Cos'\350 OpenStreetMap ?}{chapter.2}% 9
\BOOKMARK [1][-]{section.2.2}{Perch\350 il mondo ha bisogno di OSM}{chapter.2}% 10
\BOOKMARK [1][-]{section.2.3}{OpenStreetMap vs Google Maps}{chapter.2}% 11
\BOOKMARK [0][-]{chapter.3}{L'applicazione lato utente}{}% 12
\BOOKMARK [0][-]{chapter.4}{L'implementazione}{}% 13
\BOOKMARK [1][-]{section.4.1}{Le applicazioni cross-platform}{chapter.4}% 14
\BOOKMARK [1][-]{section.4.2}{PhoneGap}{chapter.4}% 15
\BOOKMARK [1][-]{section.4.3}{Ratchet}{chapter.4}% 16
\BOOKMARK [1][-]{section.4.4}{Leaflet}{chapter.4}% 17
\BOOKMARK [1][-]{section.4.5}{La griglia trasparente}{chapter.4}% 18
\BOOKMARK [2][-]{subsection.4.5.1}{L'algoritmo di Santiago}{section.4.5}% 19
\BOOKMARK [2][-]{subsection.4.5.2}{Il codice}{section.4.5}% 20
\BOOKMARK [0][-]{chapter.5}{Conclusioni e prospettive future}{}% 21
\BOOKMARK [0][-]{chapter*.5}{Ringraziamenti}{}% 22
\BOOKMARK [0][-]{chapter*.6}{Bibliografia}{}% 23
