This is pdfTeX, Version 3.14159265-2.6-1.40.16 (TeX Live 2015) (preloaded format=pdflatex 2016.1.18)  22 FEB 2016 11:17
entering extended mode
 restricted \write18 enabled.
 %&-line parsing enabled.
**main.tex
(./main.tex
LaTeX2e <2015/01/01>
Babel <3.9l> and hyphenation patterns for 79 languages loaded.
(/usr/local/texlive/2015/texmf-dist/tex/latex/base/report.cls
Document Class: report 2014/09/29 v1.4h Standard LaTeX document class
(/usr/local/texlive/2015/texmf-dist/tex/latex/base/size12.clo
File: size12.clo 2014/09/29 v1.4h Standard LaTeX file (size option)
)
\c@part=\count79
\c@chapter=\count80
\c@section=\count81
\c@subsection=\count82
\c@subsubsection=\count83
\c@paragraph=\count84
\c@subparagraph=\count85
\c@figure=\count86
\c@table=\count87
\abovecaptionskip=\skip41
\belowcaptionskip=\skip42
\bibindent=\dimen102
)
(/usr/local/texlive/2015/texmf-dist/tex/latex/graphics/graphicx.sty
Package: graphicx 2014/10/28 v1.0g Enhanced LaTeX Graphics (DPC,SPQR)

(/usr/local/texlive/2015/texmf-dist/tex/latex/graphics/keyval.sty
Package: keyval 2014/10/28 v1.15 key=value parser (DPC)
\KV@toks@=\toks14
)
(/usr/local/texlive/2015/texmf-dist/tex/latex/graphics/graphics.sty
Package: graphics 2014/10/28 v1.0p Standard LaTeX Graphics (DPC,SPQR)

(/usr/local/texlive/2015/texmf-dist/tex/latex/graphics/trig.sty
Package: trig 1999/03/16 v1.09 sin cos tan (DPC)
)
(/usr/local/texlive/2015/texmf-dist/tex/latex/latexconfig/graphics.cfg
File: graphics.cfg 2010/04/23 v1.9 graphics configuration of TeX Live
)
Package graphics Info: Driver file: pdftex.def on input line 94.

(/usr/local/texlive/2015/texmf-dist/tex/latex/pdftex-def/pdftex.def
File: pdftex.def 2011/05/27 v0.06d Graphics/color for pdfTeX

(/usr/local/texlive/2015/texmf-dist/tex/generic/oberdiek/infwarerr.sty
Package: infwarerr 2010/04/08 v1.3 Providing info/warning/error messages (HO)
)
(/usr/local/texlive/2015/texmf-dist/tex/generic/oberdiek/ltxcmds.sty
Package: ltxcmds 2011/11/09 v1.22 LaTeX kernel commands for general use (HO)
)
\Gread@gobject=\count88
))
\Gin@req@height=\dimen103
\Gin@req@width=\dimen104
)
(/usr/local/texlive/2015/texmf-dist/tex/latex/graphics/color.sty
Package: color 2014/10/28 v1.1a Standard LaTeX Color (DPC)

(/usr/local/texlive/2015/texmf-dist/tex/latex/latexconfig/color.cfg
File: color.cfg 2007/01/18 v1.5 color configuration of teTeX/TeXLive
)
Package color Info: Driver file: pdftex.def on input line 142.
)
(/usr/local/texlive/2015/texmf-dist/tex/latex/hyperref/hyperref.sty
Package: hyperref 2012/11/06 v6.83m Hypertext links for LaTeX

(/usr/local/texlive/2015/texmf-dist/tex/generic/oberdiek/hobsub-hyperref.sty
Package: hobsub-hyperref 2012/05/28 v1.13 Bundle oberdiek, subset hyperref (HO)


(/usr/local/texlive/2015/texmf-dist/tex/generic/oberdiek/hobsub-generic.sty
Package: hobsub-generic 2012/05/28 v1.13 Bundle oberdiek, subset generic (HO)
Package: hobsub 2012/05/28 v1.13 Construct package bundles (HO)
Package hobsub Info: Skipping package `infwarerr' (already loaded).
Package hobsub Info: Skipping package `ltxcmds' (already loaded).
Package: ifluatex 2010/03/01 v1.3 Provides the ifluatex switch (HO)
Package ifluatex Info: LuaTeX not detected.
Package: ifvtex 2010/03/01 v1.5 Detect VTeX and its facilities (HO)
Package ifvtex Info: VTeX not detected.
Package: intcalc 2007/09/27 v1.1 Expandable calculations with integers (HO)
Package: ifpdf 2011/01/30 v2.3 Provides the ifpdf switch (HO)
Package ifpdf Info: pdfTeX in PDF mode is detected.
Package: etexcmds 2011/02/16 v1.5 Avoid name clashes with e-TeX commands (HO)
Package etexcmds Info: Could not find \expanded.
(etexcmds)             That can mean that you are not using pdfTeX 1.50 or
(etexcmds)             that some package has redefined \expanded.
(etexcmds)             In the latter case, load this package earlier.
Package: kvsetkeys 2012/04/25 v1.16 Key value parser (HO)
Package: kvdefinekeys 2011/04/07 v1.3 Define keys (HO)
Package: pdftexcmds 2011/11/29 v0.20 Utility functions of pdfTeX for LuaTeX (HO
)
Package pdftexcmds Info: LuaTeX not detected.
Package pdftexcmds Info: \pdf@primitive is available.
Package pdftexcmds Info: \pdf@ifprimitive is available.
Package pdftexcmds Info: \pdfdraftmode found.
Package: pdfescape 2011/11/25 v1.13 Implements pdfTeX's escape features (HO)
Package: bigintcalc 2012/04/08 v1.3 Expandable calculations on big integers (HO
)
Package: bitset 2011/01/30 v1.1 Handle bit-vector datatype (HO)
Package: uniquecounter 2011/01/30 v1.2 Provide unlimited unique counter (HO)
)
Package hobsub Info: Skipping package `hobsub' (already loaded).
Package: letltxmacro 2010/09/02 v1.4 Let assignment for LaTeX macros (HO)
Package: hopatch 2012/05/28 v1.2 Wrapper for package hooks (HO)
Package: xcolor-patch 2011/01/30 xcolor patch
Package: atveryend 2011/06/30 v1.8 Hooks at the very end of document (HO)
Package atveryend Info: \enddocument detected (standard20110627).
Package: atbegshi 2011/10/05 v1.16 At begin shipout hook (HO)
Package: refcount 2011/10/16 v3.4 Data extraction from label references (HO)
Package: hycolor 2011/01/30 v1.7 Color options for hyperref/bookmark (HO)
)
(/usr/local/texlive/2015/texmf-dist/tex/generic/ifxetex/ifxetex.sty
Package: ifxetex 2010/09/12 v0.6 Provides ifxetex conditional
)
(/usr/local/texlive/2015/texmf-dist/tex/latex/oberdiek/auxhook.sty
Package: auxhook 2011/03/04 v1.3 Hooks for auxiliary files (HO)
)
(/usr/local/texlive/2015/texmf-dist/tex/latex/oberdiek/kvoptions.sty
Package: kvoptions 2011/06/30 v3.11 Key value format for package options (HO)
)
\@linkdim=\dimen105
\Hy@linkcounter=\count89
\Hy@pagecounter=\count90

(/usr/local/texlive/2015/texmf-dist/tex/latex/hyperref/pd1enc.def
File: pd1enc.def 2012/11/06 v6.83m Hyperref: PDFDocEncoding definition (HO)
)
\Hy@SavedSpaceFactor=\count91

(/usr/local/texlive/2015/texmf-dist/tex/latex/latexconfig/hyperref.cfg
File: hyperref.cfg 2002/06/06 v1.2 hyperref configuration of TeXLive
)
Package hyperref Info: Option `hyperindex' set `true' on input line 4319.
Package hyperref Info: Hyper figures OFF on input line 4443.
Package hyperref Info: Link nesting OFF on input line 4448.
Package hyperref Info: Hyper index ON on input line 4451.
Package hyperref Info: Plain pages OFF on input line 4458.
Package hyperref Info: Backreferencing OFF on input line 4463.
Package hyperref Info: Implicit mode ON; LaTeX internals redefined.
Package hyperref Info: Bookmarks ON on input line 4688.
\c@Hy@tempcnt=\count92

(/usr/local/texlive/2015/texmf-dist/tex/latex/url/url.sty
\Urlmuskip=\muskip10
Package: url 2013/09/16  ver 3.4  Verb mode for urls, etc.
)
LaTeX Info: Redefining \url on input line 5041.
\XeTeXLinkMargin=\dimen106
\Fld@menulength=\count93
\Field@Width=\dimen107
\Fld@charsize=\dimen108
Package hyperref Info: Hyper figures OFF on input line 6295.
Package hyperref Info: Link nesting OFF on input line 6300.
Package hyperref Info: Hyper index ON on input line 6303.
Package hyperref Info: backreferencing OFF on input line 6310.
Package hyperref Info: Link coloring OFF on input line 6315.
Package hyperref Info: Link coloring with OCG OFF on input line 6320.
Package hyperref Info: PDF/A mode OFF on input line 6325.
LaTeX Info: Redefining \ref on input line 6365.
LaTeX Info: Redefining \pageref on input line 6369.
\Hy@abspage=\count94
\c@Item=\count95
\c@Hfootnote=\count96
)

Package hyperref Message: Driver: hpdftex.

(/usr/local/texlive/2015/texmf-dist/tex/latex/hyperref/hpdftex.def
File: hpdftex.def 2012/11/06 v6.83m Hyperref driver for pdfTeX
\Fld@listcount=\count97
\c@bookmark@seq@number=\count98

(/usr/local/texlive/2015/texmf-dist/tex/latex/oberdiek/rerunfilecheck.sty
Package: rerunfilecheck 2011/04/15 v1.7 Rerun checks for auxiliary files (HO)
Package uniquecounter Info: New unique counter `rerunfilecheck' on input line 2
82.
)
\Hy@SectionHShift=\skip43
)
(/usr/local/texlive/2015/texmf-dist/tex/latex/psnfss/times.sty
Package: times 2005/04/12 PSNFSS-v9.2a (SPQR) 
)
(/usr/local/texlive/2015/texmf-dist/tex/latex/psnfss/helvet.sty
Package: helvet 2005/04/12 PSNFSS-v9.2a (WaS) 
)
(/usr/local/texlive/2015/texmf-dist/tex/latex/psnfss/courier.sty
Package: courier 2005/04/12 PSNFSS-v9.2a (WaS) 
)
\defaultparindent=\skip44

(/usr/local/texlive/2015/texmf-dist/tex/latex/tools/enumerate.sty
Package: enumerate 2014/10/28 v3.00 enumerate extensions (DPC)
\@enLab=\toks15
)
(/usr/local/texlive/2015/texmf-dist/tex/latex/float/float.sty
Package: float 2001/11/08 v1.3d Float enhancements (AL)
\c@float@type=\count99
\float@exts=\toks16
\float@box=\box26
\@float@everytoks=\toks17
\@floatcapt=\box27
)
(/usr/local/texlive/2015/texmf-dist/tex/generic/babel/babel.sty
Package: babel 2014/09/25 3.9l The Babel package

(/usr/local/texlive/2015/texmf-dist/tex/generic/babel-italian/italian.ldf
Language: italian 2015/03/26 v1.3n Italian support from the babel system

(/usr/local/texlive/2015/texmf-dist/tex/generic/babel/babel.def
File: babel.def 2014/09/25 3.9l Babel common definitions
\babel@savecnt=\count100
\U@D=\dimen109
)
\it@lettering=\count101
\it@doublequoteactive=\count102
\it@ISOcompliance=\count103
))
(/usr/local/texlive/2015/texmf-dist/tex/latex/etoolbox/etoolbox.sty
Package: etoolbox 2015/05/04 v2.2 e-TeX tools for LaTeX (JAW)
\etb@tempcnta=\count104
)
(/usr/local/texlive/2015/texmf-dist/tex/latex/base/inputenc.sty
Package: inputenc 2015/03/17 v1.2c Input encoding file
\inpenc@prehook=\toks18
\inpenc@posthook=\toks19

(/usr/local/texlive/2015/texmf-dist/tex/latex/ucs/utf8x.def
File: utf8x.def 2004/10/17 UCS: Input encoding UTF-8
))
(/usr/local/texlive/2015/texmf-dist/tex/latex/ucs/ucs.sty
Package: ucs 2013/05/11 v2.2 UCS: Unicode input support

(/usr/local/texlive/2015/texmf-dist/tex/latex/ucs/data/uni-global.def
File: uni-global.def 2013/05/13 UCS: Unicode global data
)
\uc@secondtry=\count105
\uc@combtoks=\toks20
\uc@combtoksb=\toks21
\uc@temptokena=\toks22
)
(/usr/local/texlive/2015/texmf-dist/tex/latex/amsfonts/amssymb.sty
Package: amssymb 2013/01/14 v3.01 AMS font symbols

(/usr/local/texlive/2015/texmf-dist/tex/latex/amsfonts/amsfonts.sty
Package: amsfonts 2013/01/14 v3.01 Basic AMSFonts support
\@emptytoks=\toks23
\symAMSa=\mathgroup4
\symAMSb=\mathgroup5
LaTeX Font Info:    Overwriting math alphabet `\mathfrak' in version `bold'
(Font)                  U/euf/m/n --> U/euf/b/n on input line 106.
))
(/usr/local/texlive/2015/texmf-dist/tex/latex/amsmath/amstext.sty
Package: amstext 2000/06/29 v2.01

(/usr/local/texlive/2015/texmf-dist/tex/latex/amsmath/amsgen.sty
File: amsgen.sty 1999/11/30 v2.0
\@emptytoks=\toks24
\ex@=\dimen110
))
(/usr/local/texlive/2015/texmf-dist/tex/latex/amsmath/amsmath.sty
Package: amsmath 2013/01/14 v2.14 AMS math features
\@mathmargin=\skip45

For additional information on amsmath, use the `?' option.
(/usr/local/texlive/2015/texmf-dist/tex/latex/amsmath/amsbsy.sty
Package: amsbsy 1999/11/29 v1.2d
\pmbraise@=\dimen111
)
(/usr/local/texlive/2015/texmf-dist/tex/latex/amsmath/amsopn.sty
Package: amsopn 1999/12/14 v2.01 operator names
)
\inf@bad=\count106
LaTeX Info: Redefining \frac on input line 210.
\uproot@=\count107
\leftroot@=\count108
LaTeX Info: Redefining \overline on input line 306.
\classnum@=\count109
\DOTSCASE@=\count110
LaTeX Info: Redefining \ldots on input line 378.
LaTeX Info: Redefining \dots on input line 381.
LaTeX Info: Redefining \cdots on input line 466.
\Mathstrutbox@=\box28
\strutbox@=\box29
\big@size=\dimen112
LaTeX Font Info:    Redeclaring font encoding OML on input line 566.
LaTeX Font Info:    Redeclaring font encoding OMS on input line 567.
\macc@depth=\count111
\c@MaxMatrixCols=\count112
\dotsspace@=\muskip11
\c@parentequation=\count113
\dspbrk@lvl=\count114
\tag@help=\toks25
\row@=\count115
\column@=\count116
\maxfields@=\count117
\andhelp@=\toks26
\eqnshift@=\dimen113
\alignsep@=\dimen114
\tagshift@=\dimen115
\tagwidth@=\dimen116
\totwidth@=\dimen117
\lineht@=\dimen118
\@envbody=\toks27
\multlinegap=\skip46
\multlinetaggap=\skip47
\mathdisplay@stack=\toks28
LaTeX Info: Redefining \[ on input line 2665.
LaTeX Info: Redefining \] on input line 2666.
)
(/usr/local/texlive/2015/texmf-dist/tex/latex/multirow/multirow.sty
\bigstrutjot=\dimen119
)
(/usr/local/texlive/2015/texmf-dist/tex/latex/listings/listings.sty
\lst@mode=\count118
\lst@gtempboxa=\box30
\lst@token=\toks29
\lst@length=\count119
\lst@currlwidth=\dimen120
\lst@column=\count120
\lst@pos=\count121
\lst@lostspace=\dimen121
\lst@width=\dimen122
\lst@newlines=\count122
\lst@lineno=\count123
\lst@maxwidth=\dimen123

(/usr/local/texlive/2015/texmf-dist/tex/latex/listings/lstmisc.sty
File: lstmisc.sty 2014/09/06 1.5e (Carsten Heinz)
\c@lstnumber=\count124
\lst@skipnumbers=\count125
\lst@framebox=\box31
)
(/usr/local/texlive/2015/texmf-dist/tex/latex/listings/listings.cfg
File: listings.cfg 2014/09/06 1.5e listings configuration
))
Package: listings 2014/09/06 1.5e (Carsten Heinz)

(/usr/local/texlive/2015/texmf-dist/tex/latex/fancyhdr/fancyhdr.sty
\fancy@headwidth=\skip48
\f@ncyO@elh=\skip49
\f@ncyO@erh=\skip50
\f@ncyO@olh=\skip51
\f@ncyO@orh=\skip52
\f@ncyO@elf=\skip53
\f@ncyO@erf=\skip54
\f@ncyO@olf=\skip55
\f@ncyO@orf=\skip56
)
(/usr/local/texlive/2015/texmf-dist/tex/latex/tools/verbatim.sty
Package: verbatim 2014/10/28 v1.5q LaTeX2e package for verbatim enhancements
\every@verbatim=\toks30
\verbatim@line=\toks31
\verbatim@in@stream=\read1
)
Package color Info: Redefining color cyan on input line 143.
LaTeX Font Info:    Try loading font information for T1+txtt on input line 144.


(/usr/local/texlive/2015/texmf-dist/tex/latex/txfonts/t1txtt.fd
File: t1txtt.fd 2000/12/15 v3.1
) (./main.aux)
\openout1 = `main.aux'.

LaTeX Font Info:    Checking defaults for OML/cmm/m/it on input line 217.
LaTeX Font Info:    ... okay on input line 217.
LaTeX Font Info:    Checking defaults for T1/cmr/m/n on input line 217.
LaTeX Font Info:    ... okay on input line 217.
LaTeX Font Info:    Checking defaults for OT1/cmr/m/n on input line 217.
LaTeX Font Info:    ... okay on input line 217.
LaTeX Font Info:    Checking defaults for OMS/cmsy/m/n on input line 217.
LaTeX Font Info:    ... okay on input line 217.
LaTeX Font Info:    Checking defaults for OMX/cmex/m/n on input line 217.
LaTeX Font Info:    ... okay on input line 217.
LaTeX Font Info:    Checking defaults for U/cmr/m/n on input line 217.
LaTeX Font Info:    ... okay on input line 217.
LaTeX Font Info:    Checking defaults for PD1/pdf/m/n on input line 217.
LaTeX Font Info:    ... okay on input line 217.
LaTeX Font Info:    Try loading font information for OT1+ptm on input line 217.


(/usr/local/texlive/2015/texmf-dist/tex/latex/psnfss/ot1ptm.fd
File: ot1ptm.fd 2001/06/04 font definitions for OT1/ptm.
)
(/usr/local/texlive/2015/texmf-dist/tex/context/base/supp-pdf.mkii
[Loading MPS to PDF converter (version 2006.09.02).]
\scratchcounter=\count126
\scratchdimen=\dimen124
\scratchbox=\box32
\nofMPsegments=\count127
\nofMParguments=\count128
\everyMPshowfont=\toks32
\MPscratchCnt=\count129
\MPscratchDim=\dimen125
\MPnumerator=\count130
\makeMPintoPDFobject=\count131
\everyMPtoPDFconversion=\toks33
) (/usr/local/texlive/2015/texmf-dist/tex/latex/oberdiek/epstopdf-base.sty
Package: epstopdf-base 2010/02/09 v2.5 Base part for package epstopdf

(/usr/local/texlive/2015/texmf-dist/tex/latex/oberdiek/grfext.sty
Package: grfext 2010/08/19 v1.1 Manage graphics extensions (HO)
)
Package grfext Info: Graphics extension search list:
(grfext)             [.pdf,.png,.jpg,.mps,.eps]
(grfext)             \AppendGraphicsExtensions on input line 452.

(/usr/local/texlive/2015/texmf-dist/tex/latex/latexconfig/epstopdf-sys.cfg
File: epstopdf-sys.cfg 2010/07/13 v1.3 Configuration of (r)epstopdf for TeX Liv
e
))
\AtBeginShipoutBox=\box33
Package hyperref Info: Link coloring OFF on input line 217.

(/usr/local/texlive/2015/texmf-dist/tex/latex/hyperref/nameref.sty
Package: nameref 2012/10/27 v2.43 Cross-referencing by name of section

(/usr/local/texlive/2015/texmf-dist/tex/generic/oberdiek/gettitlestring.sty
Package: gettitlestring 2010/12/03 v1.4 Cleanup title references (HO)
)
\c@section@level=\count132
)
LaTeX Info: Redefining \ref on input line 217.
LaTeX Info: Redefining \pageref on input line 217.
LaTeX Info: Redefining \nameref on input line 217.

(./main.out) (./main.out)
\@outlinefile=\write3
\openout3 = `main.out'.

LaTeX Info: Redefining \it@ocap on input line 217.
LaTeX Info: Redefining \it@ccap on input line 217.


File italian.ldf warning: 
italian.ldf    With OT1 encoding guillemets are poorly faked
italian.ldf    Use T1 encoding
italian.ldf    or specify a font with command \CaporaliFrom
italian.ldf    See the documentation concerning the babel-italian typesetting 
italian.ldf    on input line 217.

(/usr/local/texlive/2015/texmf-dist/tex/latex/ucs/ucsencs.def
File: ucsencs.def 2011/01/21 Fixes to fontencodings LGR, T3
)
\c@lstlisting=\count133
 (./titlepage.tex
LaTeX Font Info:    Try loading font information for U+msa on input line 7.
(/usr/local/texlive/2015/texmf-dist/tex/latex/amsfonts/umsa.fd
File: umsa.fd 2013/01/14 v3.01 AMS symbols A
)
LaTeX Font Info:    Try loading font information for U+msb on input line 7.

(/usr/local/texlive/2015/texmf-dist/tex/latex/amsfonts/umsb.fd
File: umsb.fd 2013/01/14 v3.01 AMS symbols B
)
<FIGS/logo_univ.png, id=76, 286.1892pt x 372.1905pt>
File: FIGS/logo_univ.png Graphic file (type png)
 <use FIGS/logo_univ.png>
Package pdftex.def Info: FIGS/logo_univ.png used on input line 8.
(pdftex.def)             Requested size: 43.36243pt x 56.3884pt.
LaTeX Font Info:    Font shape `OT1/ptm/bx/n' in size <12> not available
(Font)              Font shape `OT1/ptm/b/n' tried instead on input line 16.

(/usr/local/texlive/2015/texmf-dist/tex/latex/ucs/data/uni-0.def
File: uni-0.def 2013/05/13 UCS: Unicode data U+0000..U+00FF
)
LaTeX Font Info:    Font shape `OT1/ptm/bx/sc' in size <12> not available
(Font)              Font shape `OT1/ptm/b/sc' tried instead on input line 16.

<FIGS/logo_ing.png, id=77, 192.72pt x 262.9825pt>
File: FIGS/logo_ing.png Graphic file (type png)
 <use FIGS/logo_ing.png>
Package pdftex.def Info: FIGS/logo_ing.png used on input line 18.
(pdftex.def)             Requested size: 50.58878pt x 69.03192pt.
LaTeX Font Info:    Font shape `OT1/ptm/bx/n' in size <14.4> not available
(Font)              Font shape `OT1/ptm/b/n' tried instead on input line 33.

[1

{/usr/local/texlive/2015/texmf-var/fonts/map/pdftex/updmap/pdftex.map} <./FIGS/
logo_univ.png (PNG copy)> <./FIGS/logo_ing.png>]) (./dedica.tex)pdfTeX warning 
(ext4): destination with the same identifier (name{page.1}) has been already us
ed, duplicate ignored
<to be read again> 
                   \relax 
l.230 \newpage
               [1]
LaTeX Font Info:    Font shape `OT1/ptm/bx/n' in size <24.88> not available
(Font)              Font shape `OT1/ptm/b/n' tried instead on input line 236.
 (./main.toc)
\tf@toc=\write4
\openout4 = `main.toc'.

 [1

] (./main.lof)
\tf@lof=\write5
\openout5 = `main.lof'.

 [2

] (./sommario.tex)
Underfull \hbox (badness 10000) in paragraph at lines 6--249

 []


Underfull \hbox (badness 10000) in paragraph at lines 6--249

 []


Underfull \hbox (badness 10000) in paragraph at lines 6--249

 []


Underfull \hbox (badness 10000) in paragraph at lines 6--249

 []

(./introduzione.texpdfTeX warning (ext4): destination with the same identifier 
(name{page.1}) has been already used, duplicate ignored
<to be read again> 
                   \relax 
l.1 \chapter
            *{Introduzione} [1

]) (./scenario_applicativo.tex [2

]
Capitolo 1.
LaTeX Font Info:    Font shape `OT1/ptm/bx/n' in size <17.28> not available
(Font)              Font shape `OT1/ptm/b/n' tried instead on input line 6.
[3

]
LaTeX Font Info:    Try loading font information for OMS+ptm on input line 26.
 (/usr/local/texlive/2015/texmf-dist/tex/latex/psnfss/omsptm.fd
File: omsptm.fd 
)
LaTeX Font Info:    Font shape `OMS/ptm/m/n' in size <12> not available
(Font)              Font shape `OMS/cmsy/m/n' tried instead on input line 26.
 [4]
[5] <ScenarioApplicativo/disaster_phase.png, id=171, 284.06125pt x 244.915pt>
File: ScenarioApplicativo/disaster_phase.png Graphic file (type png)

<use ScenarioApplicativo/disaster_phase.png>
Package pdftex.def Info: ScenarioApplicativo/disaster_phase.png used on input l
ine 53.
(pdftex.def)             Requested size: 227.24928pt x 195.93225pt.
 [6pdfTeX warning (ext4): destination with the same identifier (name{figure.1.1
}) has been already used, duplicate ignored

\AtBegShi@Output ...ipout \box \AtBeginShipoutBox 
                                                  \fi \fi 
l.57  \newpage
               <./ScenarioApplicativo/disaster_phase.png>] [7] [8] [9] [10]
[11] [12] [13]
<ScenarioApplicativo/contesto.png, id=244, 244.915pt x 284.06125pt>
File: ScenarioApplicativo/contesto.png Graphic file (type png)

<use ScenarioApplicativo/contesto.png>
Package pdftex.def Info: ScenarioApplicativo/contesto.png used on input line 13
8.
(pdftex.def)             Requested size: 195.93225pt x 227.24928pt.

Underfull \hbox (badness 10000) in paragraph at lines 135--141

 []

[14pdfTeX warning (ext4): destination with the same identifier (name{figure.1.2
}) has been already used, duplicate ignored

\AtBegShi@Output ...ipout \box \AtBeginShipoutBox 
                                                  \fi \fi 
l.142  \newpage
                <./ScenarioApplicativo/contesto.png>]
Underfull \hbox (badness 10000) in paragraph at lines 153--155

 []

[15]) (./OpenStreetMap/OpenStreetMap.tex
Capitolo 2.
<OpenStreetMap/logo.png, id=260, 2007.5pt x 2007.5pt>
File: OpenStreetMap/logo.png Graphic file (type png)

<use OpenStreetMap/logo.png>
Package pdftex.def Info: OpenStreetMap/logo.png used on input line 8.
(pdftex.def)             Requested size: 200.76175pt x 200.76175pt.

Underfull \hbox (badness 10000) in paragraph at lines 5--11

 []

[16

] <OpenStreetMap/utenti.png, id=267, 803.0pt x 567.62062pt>
File: OpenStreetMap/utenti.png Graphic file (type png)

<use OpenStreetMap/utenti.png>
Package pdftex.def Info: OpenStreetMap/utenti.png used on input line 17.
(pdftex.def)             Requested size: 401.49902pt x 283.8096pt.

Overfull \hbox (3.16045pt too wide) in paragraph at lines 17--18
 [][] 
 []

[17pdfTeX warning (ext4): destination with the same identifier (name{figure.2.1
}) has been already used, duplicate ignored

\AtBegShi@Output ...ipout \box \AtBeginShipoutBox 
                                                  \fi \fi 
l.21 N
      el prossimo paragrafo si illustreranno meglio i motivi dell'esistenza ...
 <./OpenStreetMap/logo.png>] [18pdfTeX warning (ext4): destination with the sam
e identifier (name{figure.2.2}) has been already used, duplicate ignored

\AtBegShi@Output ...ipout \box \AtBeginShipoutBox 
                                                  \fi \fi 
l.24 \newpage
              <./OpenStreetMap/utenti.png>]
Underfull \hbox (badness 10000) in paragraph at lines 35--36

 []


Underfull \hbox (badness 10000) in paragraph at lines 38--42

 []

<OpenStreetMap/colazione.png, id=280, 945.5325pt x 484.81125pt>
File: OpenStreetMap/colazione.png Graphic file (type png)

<use OpenStreetMap/colazione.png>
Package pdftex.def Info: OpenStreetMap/colazione.png used on input line 45.
(pdftex.def)             Requested size: 378.2063pt x 193.92105pt.
 [19]
(/usr/local/texlive/2015/texmf-dist/tex/latex/ucs/data/uni-32.def
File: uni-32.def 2013/05/13 UCS: Unicode data U+2000..U+20FF
)
Underfull \hbox (badness 10000) in paragraph at lines 50--52

 []

[20pdfTeX warning (ext4): destination with the same identifier (name{figure.2.3
}) has been already used, duplicate ignored

\AtBegShi@Output ...ipout \box \AtBeginShipoutBox 
                                                  \fi \fi 
l.55 \newpage
              <./OpenStreetMap/colazione.png>]
Underfull \hbox (badness 10000) in paragraph at lines 61--62

 []

<OpenStreetMap/map_compare_coppito.png, id=292, 1264.725pt x 556.0775pt>
File: OpenStreetMap/map_compare_coppito.png Graphic file (type png)

<use OpenStreetMap/map_compare_coppito.png>
Package pdftex.def Info: OpenStreetMap/map_compare_coppito.png used on input li
ne 73.
(pdftex.def)             Requested size: 379.42043pt x 166.82454pt.
 [21] [22pdfTeX warning (ext4): destination with the same identifier (name{figu
re.2.4}) has been already used, duplicate ignored

\AtBegShi@Output ...ipout \box \AtBeginShipoutBox 
                                                  \fi \fi 
l.86 ...nti presenti nei diversi edifici. \newpage
                                                   <./OpenStreetMap/map_compare
_coppito.png>] [23]
<OpenStreetMap/haiti_prima.jpg, id=317, 508.94366pt x 385.7793pt>
File: OpenStreetMap/haiti_prima.jpg Graphic file (type jpg)

<use OpenStreetMap/haiti_prima.jpg>
Package pdftex.def Info: OpenStreetMap/haiti_prima.jpg used on input line 107.
(pdftex.def)             Requested size: 305.36855pt x 231.46936pt.
 [24pdfTeX warning (ext4): destination with the same identifier (name{figure.2.
5}) has been already used, duplicate ignored

\AtBegShi@Output ...ipout \box \AtBeginShipoutBox 
                                                  \fi \fi 
l.111 \newpage
               <./OpenStreetMap/haiti_prima.jpg>]
Overfull \hbox (3.82326pt too wide) in paragraph at lines 112--115
[]\OT1/ptm/m/n/12 Nelle ore suc-ces-si-ve, nu-me-ro-se azien-de di geo-data (Ge
o-eye, Goo-gle, Ya-hooo...)
 []

<OpenStreetMap/haiti_dopo.jpg, id=324, 508.94366pt x 410.20859pt>
File: OpenStreetMap/haiti_dopo.jpg Graphic file (type jpg)

<use OpenStreetMap/haiti_dopo.jpg>
Package pdftex.def Info: OpenStreetMap/haiti_dopo.jpg used on input line 118.
(pdftex.def)             Requested size: 305.36855pt x 246.12703pt.
) (./client_side.tex [25pdfTeX warning (ext4): destination with the same identi
fier (name{figure.2.6}) has been already used, duplicate ignored

\AtBegShi@Output ...ipout \box \AtBeginShipoutBox 
                                                  \fi \fi 
l.1 \chapter
            {L'applicazione lato utente} <./OpenStreetMap/haiti_dopo.jpg>]
Capitolo 3.
) (./implementazione.tex [26

]
Capitolo 4.
<Implementazione/os.png, id=333, 538.01pt x 173.64874pt>
File: Implementazione/os.png Graphic file (type png)

<use Implementazione/os.png>
Package pdftex.def Info: Implementazione/os.png used on input line 8.
(pdftex.def)             Requested size: 376.60443pt x 121.55328pt.

Underfull \hbox (badness 10000) in paragraph at lines 4--11

 []

[27

pdfTeX warning (ext4): destination with the same identifier (name{figure.4.1}) 
has been already used, duplicate ignored

\AtBegShi@Output ...ipout \box \AtBeginShipoutBox 
                                                  \fi \fi 
l.12 \newpage
              <./Implementazione/os.png>]
<Implementazione/logo_phonegap.png, id=341, 320.19624pt x 335.2525pt>
File: Implementazione/logo_phonegap.png Graphic file (type png)

<use Implementazione/logo_phonegap.png>
Package pdftex.def Info: Implementazione/logo_phonegap.png used on input line 3
3.
(pdftex.def)             Requested size: 192.11922pt x 201.15305pt.

Underfull \hbox (badness 10000) in paragraph at lines 29--36

 []

[28] [29pdfTeX warning (ext4): destination with the same identifier (name{figur
e.4.2}) has been already used, duplicate ignored

\AtBegShi@Output ...ipout \box \AtBeginShipoutBox 
                                                  \fi \fi 
l.39 \newpage
              <./Implementazione/logo_phonegap.png>]
<Implementazione/phonegap_build.png, id=353, 1455.4375pt x 501.875pt>
File: Implementazione/phonegap_build.png Graphic file (type png)

<use Implementazione/phonegap_build.png>
Package pdftex.def Info: Implementazione/phonegap_build.png used on input line 
45.
(pdftex.def)             Requested size: 436.63463pt x 150.56366pt.

Overfull \hbox (38.29605pt too wide) in paragraph at lines 45--46
 [][] 
 []

[30pdfTeX warning (ext4): destination with the same identifier (name{figure.4.3
}) has been already used, duplicate ignored

\AtBegShi@Output ...ipout \box \AtBeginShipoutBox 
                                                  \fi \fi 
l.50 \newpage
              <./Implementazione/phonegap_build.png>]
<Implementazione/phonegap_architettura.jpg, id=360, 481.8pt x 281.05pt>
File: Implementazione/phonegap_architettura.jpg Graphic file (type jpg)

<use Implementazione/phonegap_architettura.jpg>
Package pdftex.def Info: Implementazione/phonegap_architettura.jpg used on inpu
t line 55.
(pdftex.def)             Requested size: 433.61598pt x 252.94264pt.

Overfull \hbox (35.2774pt too wide) in paragraph at lines 55--56
 [][] 
 []

[31pdfTeX warning (ext4): destination with the same identifier (name{figure.4.4
}) has been already used, duplicate ignored

\AtBegShi@Output ...ipout \box \AtBeginShipoutBox 
                                                  \fi \fi 
l.62 
      <./Implementazione/phonegap_architettura.jpg>]
<Implementazione/phonegap_api.png, id=366, 393.47pt x 572.1375pt>
File: Implementazione/phonegap_api.png Graphic file (type png)

<use Implementazione/phonegap_api.png>
Package pdftex.def Info: Implementazione/phonegap_api.png used on input line 65
.
(pdftex.def)             Requested size: 314.77641pt x 457.71062pt.
 [32pdfTeX warning (ext4): destination with the same identifier (name{figure.4.
5}) has been already used, duplicate ignored

\AtBegShi@Output ...ipout \box \AtBeginShipoutBox 
                                                  \fi \fi 
l.72 
      <./Implementazione/phonegap_api.png>]
<Implementazione/ratchet_logo.png, id=372, 114.4275pt x 114.4275pt>
File: Implementazione/ratchet_logo.png Graphic file (type png)

<use Implementazione/ratchet_logo.png>
Package pdftex.def Info: Implementazione/ratchet_logo.png used on input line 75
.
(pdftex.def)             Requested size: 91.54211pt x 91.54211pt.
) (./conclusioni.tex [33pdfTeX warning (ext4): destination with the same identi
fier (name{figure.4.6}) has been already used, duplicate ignored

\AtBegShi@Output ...ipout \box \AtBeginShipoutBox 
                                                  \fi \fi 
l.1 \chapter
            {Conclusioni e prospettive future} <./Implementazione/ratchet_logo.
png (PNG copy)>]
Capitolo 5.
) (./ringraziamenti.tex [34

]) (./bibliography.tex [35

]
LaTeX Font Info:    Try loading font information for OT1+pcr on input line 6.

(/usr/local/texlive/2015/texmf-dist/tex/latex/psnfss/ot1pcr.fd
File: ot1pcr.fd 2001/06/04 font definitions for OT1/pcr.
)
Underfull \hbox (badness 10000) in paragraph at lines 5--7
[]\OT1/ptm/m/n/12 Theoretical No-tes on Vul-ne-ra-bi-li-ty to Di-sa-ster []$\OT
1/pcr/m/n/12 http :
 []


Underfull \hbox (badness 10000) in paragraph at lines 5--7
\OT1/pcr/m/n/12 / / emergency-[]planning . blogspot . it / 2009 / 01 /
 []


Underfull \hbox (badness 10000) in paragraph at lines 9--11
[]\OT1/ptm/m/n/12 Fifty-six Com-mon Mi-scon-cep-tions About Di-sa-ster []$\OT1/
pcr/m/n/12 http :
 []


Underfull \hbox (badness 10000) in paragraph at lines 9--11
\OT1/pcr/m/n/12 / / emergency-[]planning . blogspot . it / 2008 / 12 /
 []


Underfull \hbox (badness 10000) in paragraph at lines 13--15
[]\OT1/ptm/m/n/12 Phases of Emer-gen-cy Ma-na-ge-ment []$\OT1/pcr/m/n/12 http :
 / / www .
 []


Underfull \hbox (badness 10000) in paragraph at lines 13--15
\OT1/pcr/m/n/12 cheltenhamtownship . org / mobile / pview . aspx ? id = 4161 &
 []


Underfull \hbox (badness 6592) in paragraph at lines 17--19
[]\OT1/ptm/m/n/12 Disaster Re-spon-se: a Multi-Agent ba-sed Ap-proach, []$\OT1/
pcr/m/n/12 http : / / www .
 []


Underfull \hbox (badness 10000) in paragraph at lines 17--19
\OT1/pcr/m/n/12 sapienzaapps . it / chitaly2015 / wp-[]content / uploads /
 []


Underfull \hbox (badness 2293) in paragraph at lines 30--32
[]\OT1/ptm/m/n/12 Why the world needs Open-Street-Map, ``Perch[]e il mon-do ha 
bi-so-gno
 []


Underfull \hbox (badness 2753) in paragraph at lines 30--32
\OT1/ptm/m/n/12 di OSM?'' []$\OT1/pcr/m/n/12 http : / / www . theguardian . com
 / technology / 2014 /
 []


Underfull \hbox (badness 10000) in paragraph at lines 38--40
[]\OT1/ptm/m/n/12 Google De-ve-lo-pers , ``Ja-va-Script API Usa-ge Li-mi-ts'' [
]$\OT1/pcr/m/n/12 https :
 []


Underfull \hbox (badness 2846) in paragraph at lines 43--45
[]\OT1/ptm/m/n/12 Google Sup-port , ``Do-wn-load e uti-liz-zo di aree of-fli-ne
'' []$\OT1/pcr/m/n/12 https : / /
 []

[36

]
Underfull \hbox (badness 3746) in paragraph at lines 47--49
[]\OT1/ptm/m/n/12 Wiki OSM, ``Pla-net.OSM" []$\OT1/pcr/m/n/12 https : / / wiki 
. openstreetmap . org /
 []


Underfull \hbox (badness 7777) in paragraph at lines 51--53
[]\OT1/ptm/m/n/12 Humanitarian Open-street-map Team, ``Di-sa-ster Map-ping" []$
\OT1/pcr/m/n/12 https : / /
 []


Underfull \hbox (badness 1038) in paragraph at lines 55--57
[]\OT1/ptm/m/n/12 Terremoto di Hai-ti del 2010 []$\OT1/pcr/m/n/12 https : / / i
t . wikipedia . org / wiki /
 []

)
Package atveryend Info: Empty hook `BeforeClearDocument' on input line 272.
 [37]
Package atveryend Info: Empty hook `AfterLastShipout' on input line 272.
 (./main.aux)
Package atveryend Info: Executing hook `AtVeryEndDocument' on input line 272.
Package atveryend Info: Executing hook `AtEndAfterFileList' on input line 272.


Package rerunfilecheck Warning: File `main.out' has changed.
(rerunfilecheck)                Rerun to get outlines right
(rerunfilecheck)                or use package `bookmark'.

Package rerunfilecheck Info: Checksums for `main.out':
(rerunfilecheck)             Before: 5D8BF45A4C1A41A5C6B5E2A48084F2F3;1120
(rerunfilecheck)             After:  E1A45001752629D6F0C2AE4AC5D5D2BF;1174.

LaTeX Warning: Label(s) may have changed. Rerun to get cross-references right.

Package atveryend Info: Empty hook `AtVeryVeryEnd' on input line 272.
 ) 
Here is how much of TeX's memory you used:
 9778 strings out of 493089
 138049 string characters out of 6134842
 236123 words of memory out of 5000000
 12923 multiletter control sequences out of 15000+600000
 25319 words of font info for 56 fonts, out of 8000000 for 9000
 1141 hyphenation exceptions out of 8191
 29i,12n,43p,1144b,763s stack positions out of 5000i,500n,10000p,200000b,80000s
{/usr/local/texlive/2015/texmf-dist/fonts/enc/dvips/base/8r.enc}</usr/local/t
exlive/2015/texmf-dist/fonts/type1/public/amsfonts/cm/cmmi12.pfb></usr/local/te
xlive/2015/texmf-dist/fonts/type1/public/amsfonts/cm/cmr12.pfb></usr/local/texl
ive/2015/texmf-dist/fonts/type1/public/amsfonts/cm/cmsy10.pfb></usr/local/texli
ve/2015/texmf-dist/fonts/type1/urw/courier/ucrr8a.pfb></usr/local/texlive/2015/
texmf-dist/fonts/type1/urw/times/utmb8a.pfb></usr/local/texlive/2015/texmf-dist
/fonts/type1/urw/times/utmr8a.pfb></usr/local/texlive/2015/texmf-dist/fonts/typ
e1/urw/times/utmri8a.pfb>
Output written on main.pdf (41 pages, 3832382 bytes).
PDF statistics:
 480 PDF objects out of 1000 (max. 8388607)
 400 compressed objects within 4 object streams
 122 named destinations out of 1000 (max. 500000)
 225 words of extra memory for PDF output out of 10000 (max. 10000000)

